<?xml version="1.0" encoding="UTF-8"?>
<Site BuildName="(empty)"
	BuildStamp="20200129-1533-Experimental"
	Name="(empty)"
	Generator="ctest-3.13.4"
	CompilerName=""
	CompilerVersion=""
	OSName="Linux"
	Hostname="christian-laptop"
	OSRelease="5.3.0-26-generic"
	OSVersion="#28-Ubuntu SMP Wed Dec 18 05:37:46 UTC 2019"
	OSPlatform="x86_64"
	Is64Bits="1"
	VendorString="GenuineIntel"
	VendorID="Intel Corporation"
	FamilyID="6"
	ModelID="158"
	ProcessorCacheSize="6144"
	NumberOfLogicalCPU="8"
	NumberOfPhysicalCPU="4"
	TotalVirtualMemory="2047"
	TotalPhysicalMemory="15903"
	LogicalProcessorsPerPhysical="2"
	ProcessorClockFrequency="3438.21"
	>
	<Testing>
		<StartDateTime>Jan 29 08:33 MST</StartDateTime>
		<StartTestTime>1580311999</StartTestTime>
		<TestList/>
		<EndDateTime>Jan 29 08:33 MST</EndDateTime>
		<EndTestTime>1580311999</EndTestTime>
		<ElapsedMinutes>0</ElapsedMinutes>
	</Testing>
</Site>
